Build started 3/11/2012 7:16:47 PM.
     1>Project "C:\Users\Kyle\documents\visual studio 2010\Projects\Cribbage\Cribbage.vcxproj" on node 2 (build target(s)).
     1>InitializeBuildStatus:
         Creating "Debug\Cribbage.unsuccessfulbuild" because "AlwaysCreate" was specified.
       ClCompile:
         c:\Program Files (x86)\Microsoft Visual Studio 10.0\VC\bin\CL.exe /c /ZI /nologo /W3 /WX- /Od /Oy- /D WIN32 /D _DEBUG /D _CONSOLE /D _UNICODE /D UNICODE /Gm /EHsc /RTC1 /MDd /GS /fp:precise /Zc:wchar_t /Zc:forScope /Fo"Debug\\" /Fd"Debug\vc100.pdb" /Gd /TP /analyze- /errorReport:prompt Cribbage.cpp
         Cribbage.cpp
       ManifestResourceCompile:
         All outputs are up-to-date.
       Link:
         c:\Program Files (x86)\Microsoft Visual Studio 10.0\VC\bin\link.exe /ERRORREPORT:PROMPT /OUT:"C:\Users\Kyle\documents\visual studio 2010\Projects\Cribbage\Debug\Cribbage.exe" /INCREMENTAL /NOLOGO kernel32.lib user32.lib gdi32.lib winspool.lib comdlg32.lib advapi32.lib shell32.lib ole32.lib oleaut32.lib uuid.lib odbc32.lib odbccp32.lib /MANIFEST /ManifestFile:"Debug\Cribbage.exe.intermediate.manifest" /MANIFESTUAC:"level='asInvoker' uiAccess='false'" /DEBUG /PDB:"C:\Users\Kyle\documents\visual studio 2010\Projects\Cribbage\Debug\Cribbage.pdb" /SUBSYSTEM:CONSOLE /TLBID:1 /DYNAMICBASE /NXCOMPAT /IMPLIB:"C:\Users\Kyle\documents\visual studio 2010\Projects\Cribbage\Debug\Cribbage.lib" /MACHINE:X86 Debug\Cribbage.exe.embed.manifest.res
         Debug\Cards.obj
         Debug\Cribbage.obj
         Debug\game.obj
       Manifest:
         C:\Program Files (x86)\Microsoft SDKs\Windows\v7.0A\bin\mt.exe /nologo /verbose /out:"Debug\Cribbage.exe.embed.manifest" /manifest Debug\Cribbage.exe.intermediate.manifest
         All outputs are up-to-date.
       LinkEmbedManifest:
         All outputs are up-to-date.
         Cribbage.vcxproj -> C:\Users\Kyle\documents\visual studio 2010\Projects\Cribbage\Debug\Cribbage.exe
       FinalizeBuildStatus:
         Deleting file "Debug\Cribbage.unsuccessfulbuild".
         Touching "Debug\Cribbage.lastbuildstate".
     1>Done Building Project "C:\Users\Kyle\documents\visual studio 2010\Projects\Cribbage\Cribbage.vcxproj" (build target(s)).

Build succeeded.

Time Elapsed 00:00:04.34
